2018-01-18 09:14:32.804  INFO 1944 --- [main] org.account.com.App                      : Starting App on 110-PC with PID 1944 (D:\work\spaces\nhxtWebService3.1\target\classes started by 222 in D:\work\spaces\nhxtWebService3.1)
2018-01-18 09:14:32.811 DEBUG 1944 --- [main] org.account.com.App                      : Running with Spring Boot v1.5.9.RELEASE, Spring v4.3.11.RELEASE
2018-01-18 09:14:32.811  INFO 1944 --- [main] org.account.com.App                      : No active profile set, falling back to default profiles: default
2018-01-18 09:14:33.100  INFO 1944 --- [main] ationConfigEmbeddedWebApplicationContext : Refreshing org.springframework.boot.context.embedded.AnnotationConfigEmbeddedWebApplicationContext@205d38da: startup date [Thu Jan 18 09:14:33 CST 2018]; root of context hierarchy
2018-01-18 09:14:37.292  INFO 1944 --- [main] s.b.c.e.t.TomcatEmbeddedServletContainer : Tomcat initialized with port(s): 9004 (http)
2018-01-18 09:14:37.321  INFO 1944 --- [main] o.apache.catalina.core.StandardService   : Starting service [Tomcat]
2018-01-18 09:14:37.323  INFO 1944 --- [main] org.apache.catalina.core.StandardEngine  : Starting Servlet Engine: Apache Tomcat/8.5.23
2018-01-18 09:14:37.737  INFO 1944 --- [localhost-startStop-1] o.a.c.c.C.[Tomcat].[localhost].[/]       : Initializing Spring embedded WebApplicationContext
2018-01-18 09:14:37.738  INFO 1944 --- [localhost-startStop-1] o.s.web.context.ContextLoader            : Root WebApplicationContext: initialization completed in 4641 ms
2018-01-18 09:14:37.949  INFO 1944 --- [localhost-startStop-1] o.s.b.w.servlet.ServletRegistrationBean  : Mapping servlet: 'dispatcherServlet' to [/]
2018-01-18 09:14:37.957  INFO 1944 --- [localhost-startStop-1] o.s.b.w.servlet.FilterRegistrationBean   : Mapping filter: 'characterEncodingFilter' to: [/*]
2018-01-18 09:14:37.958  INFO 1944 --- [localhost-startStop-1] o.s.b.w.servlet.FilterRegistrationBean   : Mapping filter: 'hiddenHttpMethodFilter' to: [/*]
2018-01-18 09:14:37.959  INFO 1944 --- [localhost-startStop-1] o.s.b.w.servlet.FilterRegistrationBean   : Mapping filter: 'httpPutFormContentFilter' to: [/*]
2018-01-18 09:14:37.959  INFO 1944 --- [localhost-startStop-1] o.s.b.w.servlet.FilterRegistrationBean   : Mapping filter: 'requestContextFilter' to: [/*]
2018-01-18 09:14:39.302  INFO 1944 --- [main] s.w.s.m.m.a.RequestMappingHandlerAdapter : Looking for @ControllerAdvice: org.springframework.boot.context.embedded.AnnotationConfigEmbeddedWebApplicationContext@205d38da: startup date [Thu Jan 18 09:14:33 CST 2018]; root of context hierarchy
2018-01-18 09:14:39.410  INFO 1944 --- [main] s.w.s.m.m.a.RequestMappingHandlerMapping : Mapped "{[/v1/getDatas],methods=[GET]}" onto public org.account.com.util.resultJson.ResponseResult<java.util.List<org.account.com.model.ObjectModel>> org.account.com.controller.ObjectController.getDatas()
2018-01-18 09:14:39.419  INFO 1944 --- [main] s.w.s.m.m.a.RequestMappingHandlerMapping : Mapped "{[/error]}" onto public org.springframework.http.ResponseEntity<java.util.Map<java.lang.String, java.lang.Object>> org.springframework.boot.autoconfigure.web.BasicErrorController.error(javax.servlet.http.HttpServletRequest)
2018-01-18 09:14:39.420  INFO 1944 --- [main] s.w.s.m.m.a.RequestMappingHandlerMapping : Mapped "{[/error],produces=[text/html]}" onto public org.springframework.web.servlet.ModelAndView org.springframework.boot.autoconfigure.web.BasicErrorController.errorHtml(javax.servlet.http.HttpServletRequest,javax.servlet.http.HttpServletResponse)
2018-01-18 09:14:39.469  INFO 1944 --- [main] o.s.w.s.handler.SimpleUrlHandlerMapping  : Mapped URL path [/webjars/**] onto handler of type [class org.springframework.web.servlet.resource.ResourceHttpRequestHandler]
2018-01-18 09:14:39.469  INFO 1944 --- [main] o.s.w.s.handler.SimpleUrlHandlerMapping  : Mapped URL path [/**] onto handler of type [class org.springframework.web.servlet.resource.ResourceHttpRequestHandler]
2018-01-18 09:14:39.630  INFO 1944 --- [main] o.s.w.s.handler.SimpleUrlHandlerMapping  : Mapped URL path [/**/favicon.ico] onto handler of type [class org.springframework.web.servlet.resource.ResourceHttpRequestHandler]
2018-01-18 09:14:40.152  INFO 1944 --- [main] o.s.j.e.a.AnnotationMBeanExporter        : Registering beans for JMX exposure on startup
2018-01-18 09:14:40.256  INFO 1944 --- [main] s.b.c.e.t.TomcatEmbeddedServletContainer : Tomcat started on port(s): 9004 (http)
2018-01-18 09:14:40.265  INFO 1944 --- [main] org.account.com.App                      : Started App in 8.133 seconds (JVM running for 10.711)
2018-01-18 09:15:10.830  INFO 1944 --- [http-nio-9004-exec-2] o.a.c.c.C.[Tomcat].[localhost].[/]       : Initializing Spring FrameworkServlet 'dispatcherServlet'
2018-01-18 09:15:10.831  INFO 1944 --- [http-nio-9004-exec-2] o.s.web.servlet.DispatcherServlet        : FrameworkServlet 'dispatcherServlet': initialization started
2018-01-18 09:15:10.859  INFO 1944 --- [http-nio-9004-exec-2] o.s.web.servlet.DispatcherServlet        : FrameworkServlet 'dispatcherServlet': initialization completed in 28 ms
2018-01-18 09:15:11.708 DEBUG 1944 --- [http-nio-9004-exec-2] o.account.com.mapper.ObjMapper.findAll   : ==>  Preparing: select c.`names` jzmc,d.P11 ywgy,d.P12 ywhy,d.P21 ewgy,d.P22 ewhy from datas_2_table d left join crew_table c on c.uuid = d.jzid where d.dates = (select MAX(dates) from datas_2_table) order by CONVERT(c.`names` USING gbk) 
2018-01-18 09:15:11.740 DEBUG 1944 --- [http-nio-9004-exec-2] o.account.com.mapper.ObjMapper.findAll   : ==> Parameters: 
2018-01-18 09:15:12.439 DEBUG 1944 --- [http-nio-9004-exec-2] o.account.com.mapper.ObjMapper.findAll   : <==      Total: 115
2018-01-18 09:17:00.325 DEBUG 1944 --- [http-nio-9004-exec-6] o.account.com.mapper.ObjMapper.findAll   : ==>  Preparing: select c.`names` jzmc,d.P11 ywgy,d.P12 ywhy,d.P21 ewgy,d.P22 ewhy from datas_2_table d left join crew_table c on c.uuid = d.jzid where d.dates = (select MAX(dates) from datas_2_table) order by CONVERT(c.`names` USING gbk) 
2018-01-18 09:17:00.326 DEBUG 1944 --- [http-nio-9004-exec-6] o.account.com.mapper.ObjMapper.findAll   : ==> Parameters: 
2018-01-18 09:17:01.021 DEBUG 1944 --- [http-nio-9004-exec-6] o.account.com.mapper.ObjMapper.findAll   : <==      Total: 115
2018-01-18 09:17:14.808 DEBUG 1944 --- [http-nio-9004-exec-8] o.account.com.mapper.ObjMapper.findAll   : ==>  Preparing: select c.`names` jzmc,d.P11 ywgy,d.P12 ywhy,d.P21 ewgy,d.P22 ewhy from datas_2_table d left join crew_table c on c.uuid = d.jzid where d.dates = (select MAX(dates) from datas_2_table) order by CONVERT(c.`names` USING gbk) 
2018-01-18 09:17:14.809 DEBUG 1944 --- [http-nio-9004-exec-8] o.account.com.mapper.ObjMapper.findAll   : ==> Parameters: 
2018-01-18 09:17:15.533 DEBUG 1944 --- [http-nio-9004-exec-8] o.account.com.mapper.ObjMapper.findAll   : <==      Total: 115
2018-01-18 09:17:17.040 DEBUG 1944 --- [http-nio-9004-exec-10] o.account.com.mapper.ObjMapper.findAll   : ==>  Preparing: select c.`names` jzmc,d.P11 ywgy,d.P12 ywhy,d.P21 ewgy,d.P22 ewhy from datas_2_table d left join crew_table c on c.uuid = d.jzid where d.dates = (select MAX(dates) from datas_2_table) order by CONVERT(c.`names` USING gbk) 
2018-01-18 09:17:17.044 DEBUG 1944 --- [http-nio-9004-exec-10] o.account.com.mapper.ObjMapper.findAll   : ==> Parameters: 
2018-01-18 09:17:17.661 DEBUG 1944 --- [http-nio-9004-exec-10] o.account.com.mapper.ObjMapper.findAll   : <==      Total: 115
2018-01-18 09:18:29.250 DEBUG 1944 --- [http-nio-9004-exec-5] o.account.com.mapper.ObjMapper.findAll   : ==>  Preparing: select c.`names` jzmc,d.P11 ywgy,d.P12 ywhy,d.P21 ewgy,d.P22 ewhy from datas_2_table d left join crew_table c on c.uuid = d.jzid where d.dates = (select MAX(dates) from datas_2_table) order by CONVERT(c.`names` USING gbk) 
2018-01-18 09:18:29.252 DEBUG 1944 --- [http-nio-9004-exec-5] o.account.com.mapper.ObjMapper.findAll   : ==> Parameters: 
2018-01-18 09:18:29.934 DEBUG 1944 --- [http-nio-9004-exec-5] o.account.com.mapper.ObjMapper.findAll   : <==      Total: 115
2018-01-18 09:18:36.713 DEBUG 1944 --- [http-nio-9004-exec-7] o.account.com.mapper.ObjMapper.findAll   : ==>  Preparing: select c.`names` jzmc,d.P11 ywgy,d.P12 ywhy,d.P21 ewgy,d.P22 ewhy from datas_2_table d left join crew_table c on c.uuid = d.jzid where d.dates = (select MAX(dates) from datas_2_table) order by CONVERT(c.`names` USING gbk) 
2018-01-18 09:18:36.714 DEBUG 1944 --- [http-nio-9004-exec-7] o.account.com.mapper.ObjMapper.findAll   : ==> Parameters: 
2018-01-18 09:18:37.383 DEBUG 1944 --- [http-nio-9004-exec-7] o.account.com.mapper.ObjMapper.findAll   : <==      Total: 115
2018-01-18 09:18:48.838 DEBUG 1944 --- [http-nio-9004-exec-9] o.account.com.mapper.ObjMapper.findAll   : ==>  Preparing: select c.`names` jzmc,d.P11 ywgy,d.P12 ywhy,d.P21 ewgy,d.P22 ewhy from datas_2_table d left join crew_table c on c.uuid = d.jzid where d.dates = (select MAX(dates) from datas_2_table) order by CONVERT(c.`names` USING gbk) 
2018-01-18 09:18:48.840 DEBUG 1944 --- [http-nio-9004-exec-9] o.account.com.mapper.ObjMapper.findAll   : ==> Parameters: 
2018-01-18 09:18:49.424 DEBUG 1944 --- [http-nio-9004-exec-9] o.account.com.mapper.ObjMapper.findAll   : <==      Total: 115
2018-01-18 09:19:48.953 DEBUG 1944 --- [http-nio-9004-exec-2] o.account.com.mapper.ObjMapper.findAll   : ==>  Preparing: select c.`names` jzmc,d.P11 ywgy,d.P12 ywhy,d.P21 ewgy,d.P22 ewhy from datas_2_table d left join crew_table c on c.uuid = d.jzid where d.dates = (select MAX(dates) from datas_2_table) order by CONVERT(c.`names` USING gbk) 
2018-01-18 09:19:48.955 DEBUG 1944 --- [http-nio-9004-exec-2] o.account.com.mapper.ObjMapper.findAll   : ==> Parameters: 
2018-01-18 09:19:49.713 DEBUG 1944 --- [http-nio-9004-exec-2] o.account.com.mapper.ObjMapper.findAll   : <==      Total: 115
2018-01-18 09:24:06.081 DEBUG 1944 --- [http-nio-9004-exec-1] o.account.com.mapper.ObjMapper.findAll   : ==>  Preparing: select c.`names` jzmc,d.P11 ywgy,d.P12 ywhy,d.P21 ewgy,d.P22 ewhy from datas_2_table d left join crew_table c on c.uuid = d.jzid where d.dates = (select MAX(dates) from datas_2_table) order by CONVERT(c.`names` USING gbk) 
2018-01-18 09:24:06.082 DEBUG 1944 --- [http-nio-9004-exec-1] o.account.com.mapper.ObjMapper.findAll   : ==> Parameters: 
2018-01-18 09:24:06.904 DEBUG 1944 --- [http-nio-9004-exec-1] o.account.com.mapper.ObjMapper.findAll   : <==      Total: 115
2018-01-18 09:25:14.484 DEBUG 1944 --- [http-nio-9004-exec-7] o.account.com.mapper.ObjMapper.findAll   : ==>  Preparing: select c.`names` jzmc,d.P11 ywgy,d.P12 ywhy,d.P21 ewgy,d.P22 ewhy from datas_2_table d left join crew_table c on c.uuid = d.jzid where d.dates = (select MAX(dates) from datas_2_table) order by CONVERT(c.`names` USING gbk) 
2018-01-18 09:25:14.485 DEBUG 1944 --- [http-nio-9004-exec-7] o.account.com.mapper.ObjMapper.findAll   : ==> Parameters: 
2018-01-18 09:25:15.157 DEBUG 1944 --- [http-nio-9004-exec-7] o.account.com.mapper.ObjMapper.findAll   : <==      Total: 115
2018-01-18 09:25:37.909 DEBUG 1944 --- [http-nio-9004-exec-8] o.account.com.mapper.ObjMapper.findAll   : ==>  Preparing: select c.`names` jzmc,d.P11 ywgy,d.P12 ywhy,d.P21 ewgy,d.P22 ewhy from datas_2_table d left join crew_table c on c.uuid = d.jzid where d.dates = (select MAX(dates) from datas_2_table) order by CONVERT(c.`names` USING gbk) 
2018-01-18 09:25:37.910 DEBUG 1944 --- [http-nio-9004-exec-8] o.account.com.mapper.ObjMapper.findAll   : ==> Parameters: 
2018-01-18 09:25:38.620 DEBUG 1944 --- [http-nio-9004-exec-8] o.account.com.mapper.ObjMapper.findAll   : <==      Total: 115
2018-01-18 09:25:52.140 DEBUG 1944 --- [http-nio-9004-exec-3] o.account.com.mapper.ObjMapper.findAll   : ==>  Preparing: select c.`names` jzmc,d.P11 ywgy,d.P12 ywhy,d.P21 ewgy,d.P22 ewhy from datas_2_table d left join crew_table c on c.uuid = d.jzid where d.dates = (select MAX(dates) from datas_2_table) order by CONVERT(c.`names` USING gbk) 
2018-01-18 09:25:52.141 DEBUG 1944 --- [http-nio-9004-exec-3] o.account.com.mapper.ObjMapper.findAll   : ==> Parameters: 
2018-01-18 09:25:52.797 DEBUG 1944 --- [http-nio-9004-exec-3] o.account.com.mapper.ObjMapper.findAll   : <==      Total: 115
2018-01-18 09:33:20.003  INFO 3004 --- [main] org.account.com.App                      : Starting App on 110-PC with PID 3004 (D:\work\spaces\nhxtWebService3.1\target\classes started by 222 in D:\work\spaces\nhxtWebService3.1)
2018-01-18 09:33:20.011 DEBUG 3004 --- [main] org.account.com.App                      : Running with Spring Boot v1.5.9.RELEASE, Spring v4.3.11.RELEASE
2018-01-18 09:33:20.012  INFO 3004 --- [main] org.account.com.App                      : No active profile set, falling back to default profiles: default
2018-01-18 09:33:20.327  INFO 3004 --- [main] ationConfigEmbeddedWebApplicationContext : Refreshing org.springframework.boot.context.embedded.AnnotationConfigEmbeddedWebApplicationContext@205d38da: startup date [Thu Jan 18 09:33:20 CST 2018]; root of context hierarchy
2018-01-18 09:33:24.461  INFO 3004 --- [main] s.b.c.e.t.TomcatEmbeddedServletContainer : Tomcat initialized with port(s): 9004 (http)
2018-01-18 09:33:24.476  INFO 3004 --- [main] o.apache.catalina.core.StandardService   : Starting service [Tomcat]
2018-01-18 09:33:24.477  INFO 3004 --- [main] org.apache.catalina.core.StandardEngine  : Starting Servlet Engine: Apache Tomcat/8.5.23
2018-01-18 09:33:24.646  INFO 3004 --- [localhost-startStop-1] o.a.c.c.C.[Tomcat].[localhost].[/]       : Initializing Spring embedded WebApplicationContext
2018-01-18 09:33:24.646  INFO 3004 --- [localhost-startStop-1] o.s.web.context.ContextLoader            : Root WebApplicationContext: initialization completed in 4368 ms
2018-01-18 09:33:24.909  INFO 3004 --- [localhost-startStop-1] o.s.b.w.servlet.ServletRegistrationBean  : Mapping servlet: 'dispatcherServlet' to [/]
2018-01-18 09:33:24.915  INFO 3004 --- [localhost-startStop-1] o.s.b.w.servlet.FilterRegistrationBean   : Mapping filter: 'characterEncodingFilter' to: [/*]
2018-01-18 09:33:24.916  INFO 3004 --- [localhost-startStop-1] o.s.b.w.servlet.FilterRegistrationBean   : Mapping filter: 'hiddenHttpMethodFilter' to: [/*]
2018-01-18 09:33:24.916  INFO 3004 --- [localhost-startStop-1] o.s.b.w.servlet.FilterRegistrationBean   : Mapping filter: 'httpPutFormContentFilter' to: [/*]
2018-01-18 09:33:24.917  INFO 3004 --- [localhost-startStop-1] o.s.b.w.servlet.FilterRegistrationBean   : Mapping filter: 'requestContextFilter' to: [/*]
2018-01-18 09:33:26.121  INFO 3004 --- [main] s.w.s.m.m.a.RequestMappingHandlerAdapter : Looking for @ControllerAdvice: org.springframework.boot.context.embedded.AnnotationConfigEmbeddedWebApplicationContext@205d38da: startup date [Thu Jan 18 09:33:20 CST 2018]; root of context hierarchy
2018-01-18 09:33:26.251  INFO 3004 --- [main] s.w.s.m.m.a.RequestMappingHandlerMapping : Mapped "{[/v1/getDatas],methods=[GET]}" onto public org.account.com.util.resultJson.ResponseResult<java.util.List<org.account.com.model.ObjectModel>> org.account.com.controller.ObjectController.getDatas()
2018-01-18 09:33:26.263  INFO 3004 --- [main] s.w.s.m.m.a.RequestMappingHandlerMapping : Mapped "{[/error]}" onto public org.springframework.http.ResponseEntity<java.util.Map<java.lang.String, java.lang.Object>> org.springframework.boot.autoconfigure.web.BasicErrorController.error(javax.servlet.http.HttpServletRequest)
2018-01-18 09:33:26.264  INFO 3004 --- [main] s.w.s.m.m.a.RequestMappingHandlerMapping : Mapped "{[/error],produces=[text/html]}" onto public org.springframework.web.servlet.ModelAndView org.springframework.boot.autoconfigure.web.BasicErrorController.errorHtml(javax.servlet.http.HttpServletRequest,javax.servlet.http.HttpServletResponse)
2018-01-18 09:33:26.321  INFO 3004 --- [main] o.s.w.s.handler.SimpleUrlHandlerMapping  : Mapped URL path [/webjars/**] onto handler of type [class org.springframework.web.servlet.resource.ResourceHttpRequestHandler]
2018-01-18 09:33:26.322  INFO 3004 --- [main] o.s.w.s.handler.SimpleUrlHandlerMapping  : Mapped URL path [/**] onto handler of type [class org.springframework.web.servlet.resource.ResourceHttpRequestHandler]
2018-01-18 09:33:26.384  INFO 3004 --- [main] o.s.w.s.handler.SimpleUrlHandlerMapping  : Mapped URL path [/**/favicon.ico] onto handler of type [class org.springframework.web.servlet.resource.ResourceHttpRequestHandler]
2018-01-18 09:33:26.852  INFO 3004 --- [main] o.s.j.e.a.AnnotationMBeanExporter        : Registering beans for JMX exposure on startup
2018-01-18 09:33:26.997  INFO 3004 --- [main] s.b.c.e.t.TomcatEmbeddedServletContainer : Tomcat started on port(s): 9004 (http)
2018-01-18 09:33:27.007  INFO 3004 --- [main] org.account.com.App                      : Started App in 8.219 seconds (JVM running for 9.463)
2018-01-18 09:37:12.240  INFO 3004 --- [http-nio-9004-exec-2] o.a.c.c.C.[Tomcat].[localhost].[/]       : Initializing Spring FrameworkServlet 'dispatcherServlet'
2018-01-18 09:37:12.241  INFO 3004 --- [http-nio-9004-exec-2] o.s.web.servlet.DispatcherServlet        : FrameworkServlet 'dispatcherServlet': initialization started
2018-01-18 09:37:12.272  INFO 3004 --- [http-nio-9004-exec-2] o.s.web.servlet.DispatcherServlet        : FrameworkServlet 'dispatcherServlet': initialization completed in 31 ms
2018-01-18 09:37:12.994 DEBUG 3004 --- [http-nio-9004-exec-2] o.account.com.mapper.ObjMapper.findAll   : ==>  Preparing: select c.`names` jzmc,d.P11 ywgy,d.P12 ywhy,d.P21 ewgy,d.P22 ewhy from datas_2_table d left join crew_table c on c.uuid = d.jzid where d.dates = (select MAX(dates) from datas_2_table) order by CONVERT(c.`names` USING gbk) 
2018-01-18 09:37:13.031 DEBUG 3004 --- [http-nio-9004-exec-2] o.account.com.mapper.ObjMapper.findAll   : ==> Parameters: 
2018-01-18 09:37:13.781 DEBUG 3004 --- [http-nio-9004-exec-2] o.account.com.mapper.ObjMapper.findAll   : <==      Total: 115
2018-01-18 09:37:26.593 DEBUG 3004 --- [http-nio-9004-exec-4] o.account.com.mapper.ObjMapper.findAll   : ==>  Preparing: select c.`names` jzmc,d.P11 ywgy,d.P12 ywhy,d.P21 ewgy,d.P22 ewhy from datas_2_table d left join crew_table c on c.uuid = d.jzid where d.dates = (select MAX(dates) from datas_2_table) order by CONVERT(c.`names` USING gbk) 
2018-01-18 09:37:26.594 DEBUG 3004 --- [http-nio-9004-exec-4] o.account.com.mapper.ObjMapper.findAll   : ==> Parameters: 
2018-01-18 09:37:27.314 DEBUG 3004 --- [http-nio-9004-exec-4] o.account.com.mapper.ObjMapper.findAll   : <==      Total: 115
2018-01-18 09:37:29.028 DEBUG 3004 --- [http-nio-9004-exec-1] o.account.com.mapper.ObjMapper.findAll   : ==>  Preparing: select c.`names` jzmc,d.P11 ywgy,d.P12 ywhy,d.P21 ewgy,d.P22 ewhy from datas_2_table d left join crew_table c on c.uuid = d.jzid where d.dates = (select MAX(dates) from datas_2_table) order by CONVERT(c.`names` USING gbk) 
2018-01-18 09:37:29.029 DEBUG 3004 --- [http-nio-9004-exec-1] o.account.com.mapper.ObjMapper.findAll   : ==> Parameters: 
2018-01-18 09:37:29.644 DEBUG 3004 --- [http-nio-9004-exec-1] o.account.com.mapper.ObjMapper.findAll   : <==      Total: 115
2018-01-30 08:47:24.580  INFO 1212 --- [main] org.account.com.App                      : Starting App on 110-PC with PID 1212 (D:\work\spaces\nhxtWebService3.1\target\classes started by 222 in D:\work\spaces\nhxtWebService3.1)
2018-01-30 08:47:24.580 DEBUG 1212 --- [main] org.account.com.App                      : Running with Spring Boot v1.5.9.RELEASE, Spring v4.3.11.RELEASE
2018-01-30 08:47:24.580  INFO 1212 --- [main] org.account.com.App                      : No active profile set, falling back to default profiles: default
2018-01-30 08:47:24.814  INFO 1212 --- [main] ationConfigEmbeddedWebApplicationContext : Refreshing org.springframework.boot.context.embedded.AnnotationConfigEmbeddedWebApplicationContext@205d38da: startup date [Tue Jan 30 08:47:24 CST 2018]; root of context hierarchy
2018-01-30 08:47:27.997  INFO 1212 --- [main] s.b.c.e.t.TomcatEmbeddedServletContainer : Tomcat initialized with port(s): 9004 (http)
2018-01-30 08:47:28.028  INFO 1212 --- [main] o.apache.catalina.core.StandardService   : Starting service [Tomcat]
2018-01-30 08:47:28.028  INFO 1212 --- [main] org.apache.catalina.core.StandardEngine  : Starting Servlet Engine: Apache Tomcat/8.5.23
2018-01-30 08:47:28.246  INFO 1212 --- [localhost-startStop-1] o.a.c.c.C.[Tomcat].[localhost].[/]       : Initializing Spring embedded WebApplicationContext
2018-01-30 08:47:28.246  INFO 1212 --- [localhost-startStop-1] o.s.web.context.ContextLoader            : Root WebApplicationContext: initialization completed in 3447 ms
2018-01-30 08:47:28.839  INFO 1212 --- [localhost-startStop-1] o.s.b.w.servlet.ServletRegistrationBean  : Mapping servlet: 'dispatcherServlet' to [/]
2018-01-30 08:47:28.855  INFO 1212 --- [localhost-startStop-1] o.s.b.w.servlet.FilterRegistrationBean   : Mapping filter: 'characterEncodingFilter' to: [/*]
2018-01-30 08:47:28.855  INFO 1212 --- [localhost-startStop-1] o.s.b.w.servlet.FilterRegistrationBean   : Mapping filter: 'hiddenHttpMethodFilter' to: [/*]
2018-01-30 08:47:28.855  INFO 1212 --- [localhost-startStop-1] o.s.b.w.servlet.FilterRegistrationBean   : Mapping filter: 'httpPutFormContentFilter' to: [/*]
2018-01-30 08:47:28.855  INFO 1212 --- [localhost-startStop-1] o.s.b.w.servlet.FilterRegistrationBean   : Mapping filter: 'requestContextFilter' to: [/*]
2018-01-30 08:47:29.962  INFO 1212 --- [main] s.w.s.m.m.a.RequestMappingHandlerAdapter : Looking for @ControllerAdvice: org.springframework.boot.context.embedded.AnnotationConfigEmbeddedWebApplicationContext@205d38da: startup date [Tue Jan 30 08:47:24 CST 2018]; root of context hierarchy
2018-01-30 08:47:30.056  INFO 1212 --- [main] s.w.s.m.m.a.RequestMappingHandlerMapping : Mapped "{[/v1/getDatas],methods=[GET]}" onto public org.account.com.util.resultJson.ResponseResult<java.util.List<org.account.com.model.ObjectModel>> org.account.com.controller.ObjectController.getDatas()
2018-01-30 08:47:30.071  INFO 1212 --- [main] s.w.s.m.m.a.RequestMappingHandlerMapping : Mapped "{[/error]}" onto public org.springframework.http.ResponseEntity<java.util.Map<java.lang.String, java.lang.Object>> org.springframework.boot.autoconfigure.web.BasicErrorController.error(javax.servlet.http.HttpServletRequest)
2018-01-30 08:47:30.071  INFO 1212 --- [main] s.w.s.m.m.a.RequestMappingHandlerMapping : Mapped "{[/error],produces=[text/html]}" onto public org.springframework.web.servlet.ModelAndView org.springframework.boot.autoconfigure.web.BasicErrorController.errorHtml(javax.servlet.http.HttpServletRequest,javax.servlet.http.HttpServletResponse)
2018-01-30 08:47:30.118  INFO 1212 --- [main] o.s.w.s.handler.SimpleUrlHandlerMapping  : Mapped URL path [/webjars/**] onto handler of type [class org.springframework.web.servlet.resource.ResourceHttpRequestHandler]
2018-01-30 08:47:30.118  INFO 1212 --- [main] o.s.w.s.handler.SimpleUrlHandlerMapping  : Mapped URL path [/**] onto handler of type [class org.springframework.web.servlet.resource.ResourceHttpRequestHandler]
2018-01-30 08:47:30.165  INFO 1212 --- [main] o.s.w.s.handler.SimpleUrlHandlerMapping  : Mapped URL path [/**/favicon.ico] onto handler of type [class org.springframework.web.servlet.resource.ResourceHttpRequestHandler]
2018-01-30 08:47:30.680  INFO 1212 --- [main] o.s.j.e.a.AnnotationMBeanExporter        : Registering beans for JMX exposure on startup
2018-01-30 08:47:30.805  INFO 1212 --- [main] s.b.c.e.t.TomcatEmbeddedServletContainer : Tomcat started on port(s): 9004 (http)
2018-01-30 08:47:30.820  INFO 1212 --- [main] org.account.com.App                      : Started App in 6.895 seconds (JVM running for 9.534)
2018-01-30 08:47:54.931  INFO 1212 --- [http-nio-9004-exec-1] o.a.c.c.C.[Tomcat].[localhost].[/]       : Initializing Spring FrameworkServlet 'dispatcherServlet'
2018-01-30 08:47:54.932  INFO 1212 --- [http-nio-9004-exec-1] o.s.web.servlet.DispatcherServlet        : FrameworkServlet 'dispatcherServlet': initialization started
2018-01-30 08:47:54.995  INFO 1212 --- [http-nio-9004-exec-1] o.s.web.servlet.DispatcherServlet        : FrameworkServlet 'dispatcherServlet': initialization completed in 63 ms
2018-01-30 08:48:06.879 DEBUG 1212 --- [http-nio-9004-exec-6] o.account.com.mapper.ObjMapper.findAll   : ==>  Preparing: select c.`names` jzmc,d.P11 ywgy,d.P12 ywhy,d.P21 ewgy,d.P22 ewhy,d.T11 ywgw,d.T12 ywhw,d.T21 ewgw,d.T22 ewhw from datas_2_table d left join crew_table c on c.uuid = d.jzid where d.dates = (select MAX(dates) from datas_2_table) order by CONVERT(c.`names` USING gbk) 
2018-01-30 08:48:06.915 DEBUG 1212 --- [http-nio-9004-exec-6] o.account.com.mapper.ObjMapper.findAll   : ==> Parameters: 
2018-01-30 08:48:07.637 DEBUG 1212 --- [http-nio-9004-exec-6] o.account.com.mapper.ObjMapper.findAll   : <==      Total: 115
2018-01-30 09:08:03.648  INFO 5464 --- [main] org.account.com.App                      : Starting App on 110-PC with PID 5464 (D:\work\spaces\nhxtWebService3.1\target\classes started by 222 in D:\work\spaces\nhxtWebService3.1)
2018-01-30 09:08:03.657 DEBUG 5464 --- [main] org.account.com.App                      : Running with Spring Boot v1.5.9.RELEASE, Spring v4.3.11.RELEASE
2018-01-30 09:08:03.658  INFO 5464 --- [main] org.account.com.App                      : No active profile set, falling back to default profiles: default
2018-01-30 09:08:03.852  INFO 5464 --- [main] ationConfigEmbeddedWebApplicationContext : Refreshing org.springframework.boot.context.embedded.AnnotationConfigEmbeddedWebApplicationContext@205d38da: startup date [Tue Jan 30 09:08:03 CST 2018]; root of context hierarchy
2018-01-30 09:08:07.838  INFO 5464 --- [main] s.b.c.e.t.TomcatEmbeddedServletContainer : Tomcat initialized with port(s): 9004 (http)
2018-01-30 09:08:07.859  INFO 5464 --- [main] o.apache.catalina.core.StandardService   : Starting service [Tomcat]
2018-01-30 09:08:07.860  INFO 5464 --- [main] org.apache.catalina.core.StandardEngine  : Starting Servlet Engine: Apache Tomcat/8.5.23
2018-01-30 09:08:08.122  INFO 5464 --- [localhost-startStop-1] o.a.c.c.C.[Tomcat].[localhost].[/]       : Initializing Spring embedded WebApplicationContext
2018-01-30 09:08:08.122  INFO 5464 --- [localhost-startStop-1] o.s.web.context.ContextLoader            : Root WebApplicationContext: initialization completed in 4273 ms
2018-01-30 09:08:08.396  INFO 5464 --- [localhost-startStop-1] o.s.b.w.servlet.ServletRegistrationBean  : Mapping servlet: 'dispatcherServlet' to [/]
2018-01-30 09:08:08.403  INFO 5464 --- [localhost-startStop-1] o.s.b.w.servlet.FilterRegistrationBean   : Mapping filter: 'characterEncodingFilter' to: [/*]
2018-01-30 09:08:08.404  INFO 5464 --- [localhost-startStop-1] o.s.b.w.servlet.FilterRegistrationBean   : Mapping filter: 'hiddenHttpMethodFilter' to: [/*]
2018-01-30 09:08:08.404  INFO 5464 --- [localhost-startStop-1] o.s.b.w.servlet.FilterRegistrationBean   : Mapping filter: 'httpPutFormContentFilter' to: [/*]
2018-01-30 09:08:08.405  INFO 5464 --- [localhost-startStop-1] o.s.b.w.servlet.FilterRegistrationBean   : Mapping filter: 'requestContextFilter' to: [/*]
2018-01-30 09:08:09.640  INFO 5464 --- [main] s.w.s.m.m.a.RequestMappingHandlerAdapter : Looking for @ControllerAdvice: org.springframework.boot.context.embedded.AnnotationConfigEmbeddedWebApplicationContext@205d38da: startup date [Tue Jan 30 09:08:03 CST 2018]; root of context hierarchy
2018-01-30 09:08:09.751  INFO 5464 --- [main] s.w.s.m.m.a.RequestMappingHandlerMapping : Mapped "{[/v1/getDatas],methods=[GET]}" onto public org.account.com.util.resultJson.ResponseResult<java.util.List<org.account.com.model.ObjectModel>> org.account.com.controller.ObjectController.getDatas()
2018-01-30 09:08:09.759  INFO 5464 --- [main] s.w.s.m.m.a.RequestMappingHandlerMapping : Mapped "{[/error]}" onto public org.springframework.http.ResponseEntity<java.util.Map<java.lang.String, java.lang.Object>> org.springframework.boot.autoconfigure.web.BasicErrorController.error(javax.servlet.http.HttpServletRequest)
2018-01-30 09:08:09.761  INFO 5464 --- [main] s.w.s.m.m.a.RequestMappingHandlerMapping : Mapped "{[/error],produces=[text/html]}" onto public org.springframework.web.servlet.ModelAndView org.springframework.boot.autoconfigure.web.BasicErrorController.errorHtml(javax.servlet.http.HttpServletRequest,javax.servlet.http.HttpServletResponse)
2018-01-30 09:08:09.810  INFO 5464 --- [main] o.s.w.s.handler.SimpleUrlHandlerMapping  : Mapped URL path [/webjars/**] onto handler of type [class org.springframework.web.servlet.resource.ResourceHttpRequestHandler]
2018-01-30 09:08:09.811  INFO 5464 --- [main] o.s.w.s.handler.SimpleUrlHandlerMapping  : Mapped URL path [/**] onto handler of type [class org.springframework.web.servlet.resource.ResourceHttpRequestHandler]
2018-01-30 09:08:09.873  INFO 5464 --- [main] o.s.w.s.handler.SimpleUrlHandlerMapping  : Mapped URL path [/**/favicon.ico] onto handler of type [class org.springframework.web.servlet.resource.ResourceHttpRequestHandler]
2018-01-30 09:08:10.445  INFO 5464 --- [main] o.s.j.e.a.AnnotationMBeanExporter        : Registering beans for JMX exposure on startup
2018-01-30 09:08:10.593  INFO 5464 --- [main] s.b.c.e.t.TomcatEmbeddedServletContainer : Tomcat started on port(s): 9004 (http)
2018-01-30 09:08:10.605  INFO 5464 --- [main] org.account.com.App                      : Started App in 7.83 seconds (JVM running for 9.03)
2018-01-30 09:08:10.801  INFO 5464 --- [http-nio-9004-exec-2] o.a.c.c.C.[Tomcat].[localhost].[/]       : Initializing Spring FrameworkServlet 'dispatcherServlet'
2018-01-30 09:08:10.801  INFO 5464 --- [http-nio-9004-exec-2] o.s.web.servlet.DispatcherServlet        : FrameworkServlet 'dispatcherServlet': initialization started
2018-01-30 09:08:10.831  INFO 5464 --- [http-nio-9004-exec-2] o.s.web.servlet.DispatcherServlet        : FrameworkServlet 'dispatcherServlet': initialization completed in 30 ms
2018-01-30 09:08:11.557 DEBUG 5464 --- [http-nio-9004-exec-2] o.account.com.mapper.ObjMapper.findAll   : ==>  Preparing: select c.`names` jzmc,d.P11 ywgy,d.P12 ywhy,d.P21 ewgy,d.P22 ewhy,d.T11 ywgw,d.T12 ywhw,d.T21 ewgw,d.T22 ewhw from datas_2_table d left join crew_table c on c.uuid = d.jzid where d.dates = (select MAX(dates) from datas_2_table) order by CONVERT(c.`names` USING gbk) 
2018-01-30 09:08:11.586 DEBUG 5464 --- [http-nio-9004-exec-2] o.account.com.mapper.ObjMapper.findAll   : ==> Parameters: 
2018-01-30 09:08:12.269 DEBUG 5464 --- [http-nio-9004-exec-2] o.account.com.mapper.ObjMapper.findAll   : <==      Total: 115
2018-01-30 09:08:14.765 DEBUG 5464 --- [http-nio-9004-exec-6] o.account.com.mapper.ObjMapper.findAll   : ==>  Preparing: select c.`names` jzmc,d.P11 ywgy,d.P12 ywhy,d.P21 ewgy,d.P22 ewhy,d.T11 ywgw,d.T12 ywhw,d.T21 ewgw,d.T22 ewhw from datas_2_table d left join crew_table c on c.uuid = d.jzid where d.dates = (select MAX(dates) from datas_2_table) order by CONVERT(c.`names` USING gbk) 
2018-01-30 09:08:14.765 DEBUG 5464 --- [http-nio-9004-exec-6] o.account.com.mapper.ObjMapper.findAll   : ==> Parameters: 
2018-01-30 09:08:15.453 DEBUG 5464 --- [http-nio-9004-exec-6] o.account.com.mapper.ObjMapper.findAll   : <==      Total: 115
2018-01-30 09:08:17.233 DEBUG 5464 --- [http-nio-9004-exec-10] o.account.com.mapper.ObjMapper.findAll   : ==>  Preparing: select c.`names` jzmc,d.P11 ywgy,d.P12 ywhy,d.P21 ewgy,d.P22 ewhy,d.T11 ywgw,d.T12 ywhw,d.T21 ewgw,d.T22 ewhw from datas_2_table d left join crew_table c on c.uuid = d.jzid where d.dates = (select MAX(dates) from datas_2_table) order by CONVERT(c.`names` USING gbk) 
2018-01-30 09:08:17.238 DEBUG 5464 --- [http-nio-9004-exec-10] o.account.com.mapper.ObjMapper.findAll   : ==> Parameters: 
2018-01-30 09:08:17.985 DEBUG 5464 --- [http-nio-9004-exec-10] o.account.com.mapper.ObjMapper.findAll   : <==      Total: 115
2018-01-30 09:08:19.873 DEBUG 5464 --- [http-nio-9004-exec-1] o.account.com.mapper.ObjMapper.findAll   : ==>  Preparing: select c.`names` jzmc,d.P11 ywgy,d.P12 ywhy,d.P21 ewgy,d.P22 ewhy,d.T11 ywgw,d.T12 ywhw,d.T21 ewgw,d.T22 ewhw from datas_2_table d left join crew_table c on c.uuid = d.jzid where d.dates = (select MAX(dates) from datas_2_table) order by CONVERT(c.`names` USING gbk) 
2018-01-30 09:08:19.875 DEBUG 5464 --- [http-nio-9004-exec-1] o.account.com.mapper.ObjMapper.findAll   : ==> Parameters: 
2018-01-30 09:08:20.668 DEBUG 5464 --- [http-nio-9004-exec-1] o.account.com.mapper.ObjMapper.findAll   : <==      Total: 115
2018-01-30 09:08:22.517 DEBUG 5464 --- [http-nio-9004-exec-4] o.account.com.mapper.ObjMapper.findAll   : ==>  Preparing: select c.`names` jzmc,d.P11 ywgy,d.P12 ywhy,d.P21 ewgy,d.P22 ewhy,d.T11 ywgw,d.T12 ywhw,d.T21 ewgw,d.T22 ewhw from datas_2_table d left join crew_table c on c.uuid = d.jzid where d.dates = (select MAX(dates) from datas_2_table) order by CONVERT(c.`names` USING gbk) 
2018-01-30 09:08:22.520 DEBUG 5464 --- [http-nio-9004-exec-4] o.account.com.mapper.ObjMapper.findAll   : ==> Parameters: 
2018-01-30 09:08:23.168 DEBUG 5464 --- [http-nio-9004-exec-4] o.account.com.mapper.ObjMapper.findAll   : <==      Total: 115
2018-01-30 09:08:23.347 DEBUG 5464 --- [http-nio-9004-exec-6] o.account.com.mapper.ObjMapper.findAll   : ==>  Preparing: select c.`names` jzmc,d.P11 ywgy,d.P12 ywhy,d.P21 ewgy,d.P22 ewhy,d.T11 ywgw,d.T12 ywhw,d.T21 ewgw,d.T22 ewhw from datas_2_table d left join crew_table c on c.uuid = d.jzid where d.dates = (select MAX(dates) from datas_2_table) order by CONVERT(c.`names` USING gbk) 
2018-01-30 09:08:23.347 DEBUG 5464 --- [http-nio-9004-exec-6] o.account.com.mapper.ObjMapper.findAll   : ==> Parameters: 
2018-01-30 09:08:23.901 DEBUG 5464 --- [http-nio-9004-exec-6] o.account.com.mapper.ObjMapper.findAll   : <==      Total: 115
2018-01-30 09:08:47.736  INFO 3360 --- [main] org.account.com.App                      : Starting App on 110-PC with PID 3360 (D:\work\spaces\nhxtWebService3.1\target\classes started by 222 in D:\work\spaces\nhxtWebService3.1)
2018-01-30 09:08:47.742 DEBUG 3360 --- [main] org.account.com.App                      : Running with Spring Boot v1.5.9.RELEASE, Spring v4.3.11.RELEASE
2018-01-30 09:08:47.745  INFO 3360 --- [main] org.account.com.App                      : No active profile set, falling back to default profiles: default
2018-01-30 09:08:47.874  INFO 3360 --- [main] ationConfigEmbeddedWebApplicationContext : Refreshing org.springframework.boot.context.embedded.AnnotationConfigEmbeddedWebApplicationContext@205d38da: startup date [Tue Jan 30 09:08:47 CST 2018]; root of context hierarchy
2018-01-30 09:08:52.051  INFO 3360 --- [main] s.b.c.e.t.TomcatEmbeddedServletContainer : Tomcat initialized with port(s): 9004 (http)
2018-01-30 09:08:52.076  INFO 3360 --- [main] o.apache.catalina.core.StandardService   : Starting service [Tomcat]
2018-01-30 09:08:52.078  INFO 3360 --- [main] org.apache.catalina.core.StandardEngine  : Starting Servlet Engine: Apache Tomcat/8.5.23
2018-01-30 09:08:52.243  INFO 3360 --- [localhost-startStop-1] o.a.c.c.C.[Tomcat].[localhost].[/]       : Initializing Spring embedded WebApplicationContext
2018-01-30 09:08:52.243  INFO 3360 --- [localhost-startStop-1] o.s.web.context.ContextLoader            : Root WebApplicationContext: initialization completed in 4372 ms
2018-01-30 09:08:52.498  INFO 3360 --- [localhost-startStop-1] o.s.b.w.servlet.ServletRegistrationBean  : Mapping servlet: 'dispatcherServlet' to [/]
2018-01-30 09:08:52.504  INFO 3360 --- [localhost-startStop-1] o.s.b.w.servlet.FilterRegistrationBean   : Mapping filter: 'characterEncodingFilter' to: [/*]
2018-01-30 09:08:52.505  INFO 3360 --- [localhost-startStop-1] o.s.b.w.servlet.FilterRegistrationBean   : Mapping filter: 'hiddenHttpMethodFilter' to: [/*]
2018-01-30 09:08:52.505  INFO 3360 --- [localhost-startStop-1] o.s.b.w.servlet.FilterRegistrationBean   : Mapping filter: 'httpPutFormContentFilter' to: [/*]
2018-01-30 09:08:52.507  INFO 3360 --- [localhost-startStop-1] o.s.b.w.servlet.FilterRegistrationBean   : Mapping filter: 'requestContextFilter' to: [/*]
2018-01-30 09:08:53.633  INFO 3360 --- [main] s.w.s.m.m.a.RequestMappingHandlerAdapter : Looking for @ControllerAdvice: org.springframework.boot.context.embedded.AnnotationConfigEmbeddedWebApplicationContext@205d38da: startup date [Tue Jan 30 09:08:47 CST 2018]; root of context hierarchy
2018-01-30 09:08:53.736  INFO 3360 --- [main] s.w.s.m.m.a.RequestMappingHandlerMapping : Mapped "{[/v1/getDatas],methods=[GET]}" onto public org.account.com.util.resultJson.ResponseResult<java.util.List<org.account.com.model.ObjectModel>> org.account.com.controller.ObjectController.getDatas()
2018-01-30 09:08:53.745  INFO 3360 --- [main] s.w.s.m.m.a.RequestMappingHandlerMapping : Mapped "{[/error]}" onto public org.springframework.http.ResponseEntity<java.util.Map<java.lang.String, java.lang.Object>> org.springframework.boot.autoconfigure.web.BasicErrorController.error(javax.servlet.http.HttpServletRequest)
2018-01-30 09:08:53.746  INFO 3360 --- [main] s.w.s.m.m.a.RequestMappingHandlerMapping : Mapped "{[/error],produces=[text/html]}" onto public org.springframework.web.servlet.ModelAndView org.springframework.boot.autoconfigure.web.BasicErrorController.errorHtml(javax.servlet.http.HttpServletRequest,javax.servlet.http.HttpServletResponse)
2018-01-30 09:08:53.789  INFO 3360 --- [main] o.s.w.s.handler.SimpleUrlHandlerMapping  : Mapped URL path [/webjars/**] onto handler of type [class org.springframework.web.servlet.resource.ResourceHttpRequestHandler]
2018-01-30 09:08:53.789  INFO 3360 --- [main] o.s.w.s.handler.SimpleUrlHandlerMapping  : Mapped URL path [/**] onto handler of type [class org.springframework.web.servlet.resource.ResourceHttpRequestHandler]
2018-01-30 09:08:53.845  INFO 3360 --- [main] o.s.w.s.handler.SimpleUrlHandlerMapping  : Mapped URL path [/**/favicon.ico] onto handler of type [class org.springframework.web.servlet.resource.ResourceHttpRequestHandler]
2018-01-30 09:08:54.357  INFO 3360 --- [main] o.s.j.e.a.AnnotationMBeanExporter        : Registering beans for JMX exposure on startup
2018-01-30 09:08:54.440  INFO 3360 --- [main] s.b.c.e.t.TomcatEmbeddedServletContainer : Tomcat started on port(s): 9004 (http)
2018-01-30 09:08:54.450  INFO 3360 --- [main] org.account.com.App                      : Started App in 7.568 seconds (JVM running for 8.427)
2018-01-30 09:09:06.196  INFO 3360 --- [http-nio-9004-exec-9] o.a.c.c.C.[Tomcat].[localhost].[/]       : Initializing Spring FrameworkServlet 'dispatcherServlet'
2018-01-30 09:09:06.196  INFO 3360 --- [http-nio-9004-exec-9] o.s.web.servlet.DispatcherServlet        : FrameworkServlet 'dispatcherServlet': initialization started
2018-01-30 09:09:06.227  INFO 3360 --- [http-nio-9004-exec-9] o.s.web.servlet.DispatcherServlet        : FrameworkServlet 'dispatcherServlet': initialization completed in 31 ms
2018-01-30 09:09:06.926 DEBUG 3360 --- [http-nio-9004-exec-9] o.account.com.mapper.ObjMapper.findAll   : ==>  Preparing: select c.`names` jzmc,d.P11 ywgy,d.P12 ywhy,d.P21 ewgy,d.P22 ewhy,d.T11 ywgw,d.T12 ywhw,d.T21 ewgw,d.T22 ewhw from datas_2_table d left join crew_table c on c.uuid = d.jzid where d.dates = (select MAX(dates) from datas_2_table) order by CONVERT(c.`names` USING gbk) 
2018-01-30 09:09:06.959 DEBUG 3360 --- [http-nio-9004-exec-9] o.account.com.mapper.ObjMapper.findAll   : ==> Parameters: 
2018-01-30 09:09:07.765 DEBUG 3360 --- [http-nio-9004-exec-9] o.account.com.mapper.ObjMapper.findAll   : <==      Total: 115
2018-01-30 09:09:09.385 DEBUG 3360 --- [http-nio-9004-exec-3] o.account.com.mapper.ObjMapper.findAll   : ==>  Preparing: select c.`names` jzmc,d.P11 ywgy,d.P12 ywhy,d.P21 ewgy,d.P22 ewhy,d.T11 ywgw,d.T12 ywhw,d.T21 ewgw,d.T22 ewhw from datas_2_table d left join crew_table c on c.uuid = d.jzid where d.dates = (select MAX(dates) from datas_2_table) order by CONVERT(c.`names` USING gbk) 
2018-01-30 09:09:09.389 DEBUG 3360 --- [http-nio-9004-exec-3] o.account.com.mapper.ObjMapper.findAll   : ==> Parameters: 
2018-01-30 09:09:10.198 DEBUG 3360 --- [http-nio-9004-exec-3] o.account.com.mapper.ObjMapper.findAll   : <==      Total: 115
2018-01-30 09:09:12.101 DEBUG 3360 --- [http-nio-9004-exec-10] o.account.com.mapper.ObjMapper.findAll   : ==>  Preparing: select c.`names` jzmc,d.P11 ywgy,d.P12 ywhy,d.P21 ewgy,d.P22 ewhy,d.T11 ywgw,d.T12 ywhw,d.T21 ewgw,d.T22 ewhw from datas_2_table d left join crew_table c on c.uuid = d.jzid where d.dates = (select MAX(dates) from datas_2_table) order by CONVERT(c.`names` USING gbk) 
2018-01-30 09:09:12.103 DEBUG 3360 --- [http-nio-9004-exec-10] o.account.com.mapper.ObjMapper.findAll   : ==> Parameters: 
2018-01-30 09:09:12.818 DEBUG 3360 --- [http-nio-9004-exec-10] o.account.com.mapper.ObjMapper.findAll   : <==      Total: 115
2018-01-30 09:09:15.779 DEBUG 3360 --- [http-nio-9004-exec-6] o.account.com.mapper.ObjMapper.findAll   : ==>  Preparing: select c.`names` jzmc,d.P11 ywgy,d.P12 ywhy,d.P21 ewgy,d.P22 ewhy,d.T11 ywgw,d.T12 ywhw,d.T21 ewgw,d.T22 ewhw from datas_2_table d left join crew_table c on c.uuid = d.jzid where d.dates = (select MAX(dates) from datas_2_table) order by CONVERT(c.`names` USING gbk) 
2018-01-30 09:09:15.784 DEBUG 3360 --- [http-nio-9004-exec-6] o.account.com.mapper.ObjMapper.findAll   : ==> Parameters: 
2018-01-30 09:09:16.345 DEBUG 3360 --- [http-nio-9004-exec-6] o.account.com.mapper.ObjMapper.findAll   : <==      Total: 115
2018-01-30 09:09:18.331 DEBUG 3360 --- [http-nio-9004-exec-2] o.account.com.mapper.ObjMapper.findAll   : ==>  Preparing: select c.`names` jzmc,d.P11 ywgy,d.P12 ywhy,d.P21 ewgy,d.P22 ewhy,d.T11 ywgw,d.T12 ywhw,d.T21 ewgw,d.T22 ewhw from datas_2_table d left join crew_table c on c.uuid = d.jzid where d.dates = (select MAX(dates) from datas_2_table) order by CONVERT(c.`names` USING gbk) 
2018-01-30 09:09:18.333 DEBUG 3360 --- [http-nio-9004-exec-2] o.account.com.mapper.ObjMapper.findAll   : ==> Parameters: 
2018-01-30 09:09:18.952 DEBUG 3360 --- [http-nio-9004-exec-2] o.account.com.mapper.ObjMapper.findAll   : <==      Total: 115
2018-01-30 09:09:20.390 DEBUG 3360 --- [http-nio-9004-exec-5] o.account.com.mapper.ObjMapper.findAll   : ==>  Preparing: select c.`names` jzmc,d.P11 ywgy,d.P12 ywhy,d.P21 ewgy,d.P22 ewhy,d.T11 ywgw,d.T12 ywhw,d.T21 ewgw,d.T22 ewhw from datas_2_table d left join crew_table c on c.uuid = d.jzid where d.dates = (select MAX(dates) from datas_2_table) order by CONVERT(c.`names` USING gbk) 
2018-01-30 09:09:20.393 DEBUG 3360 --- [http-nio-9004-exec-5] o.account.com.mapper.ObjMapper.findAll   : ==> Parameters: 
2018-01-30 09:09:21.074 DEBUG 3360 --- [http-nio-9004-exec-5] o.account.com.mapper.ObjMapper.findAll   : <==      Total: 115
2018-01-30 09:09:21.828 DEBUG 3360 --- [http-nio-9004-exec-3] o.account.com.mapper.ObjMapper.findAll   : ==>  Preparing: select c.`names` jzmc,d.P11 ywgy,d.P12 ywhy,d.P21 ewgy,d.P22 ewhy,d.T11 ywgw,d.T12 ywhw,d.T21 ewgw,d.T22 ewhw from datas_2_table d left join crew_table c on c.uuid = d.jzid where d.dates = (select MAX(dates) from datas_2_table) order by CONVERT(c.`names` USING gbk) 
2018-01-30 09:09:21.830 DEBUG 3360 --- [http-nio-9004-exec-3] o.account.com.mapper.ObjMapper.findAll   : ==> Parameters: 
2018-01-30 09:09:22.417 DEBUG 3360 --- [http-nio-9004-exec-3] o.account.com.mapper.ObjMapper.findAll   : <==      Total: 115
2018-01-30 09:09:23.097 DEBUG 3360 --- [http-nio-9004-exec-1] o.account.com.mapper.ObjMapper.findAll   : ==>  Preparing: select c.`names` jzmc,d.P11 ywgy,d.P12 ywhy,d.P21 ewgy,d.P22 ewhy,d.T11 ywgw,d.T12 ywhw,d.T21 ewgw,d.T22 ewhw from datas_2_table d left join crew_table c on c.uuid = d.jzid where d.dates = (select MAX(dates) from datas_2_table) order by CONVERT(c.`names` USING gbk) 
2018-01-30 09:09:23.099 DEBUG 3360 --- [http-nio-9004-exec-1] o.account.com.mapper.ObjMapper.findAll   : ==> Parameters: 
2018-01-30 09:09:23.758 DEBUG 3360 --- [http-nio-9004-exec-1] o.account.com.mapper.ObjMapper.findAll   : <==      Total: 115
2018-01-30 09:09:24.340 DEBUG 3360 --- [http-nio-9004-exec-10] o.account.com.mapper.ObjMapper.findAll   : ==>  Preparing: select c.`names` jzmc,d.P11 ywgy,d.P12 ywhy,d.P21 ewgy,d.P22 ewhy,d.T11 ywgw,d.T12 ywhw,d.T21 ewgw,d.T22 ewhw from datas_2_table d left join crew_table c on c.uuid = d.jzid where d.dates = (select MAX(dates) from datas_2_table) order by CONVERT(c.`names` USING gbk) 
2018-01-30 09:09:24.342 DEBUG 3360 --- [http-nio-9004-exec-10] o.account.com.mapper.ObjMapper.findAll   : ==> Parameters: 
2018-01-30 09:09:25.019 DEBUG 3360 --- [http-nio-9004-exec-10] o.account.com.mapper.ObjMapper.findAll   : <==      Total: 115
2018-01-30 09:09:25.550 DEBUG 3360 --- [http-nio-9004-exec-8] o.account.com.mapper.ObjMapper.findAll   : ==>  Preparing: select c.`names` jzmc,d.P11 ywgy,d.P12 ywhy,d.P21 ewgy,d.P22 ewhy,d.T11 ywgw,d.T12 ywhw,d.T21 ewgw,d.T22 ewhw from datas_2_table d left join crew_table c on c.uuid = d.jzid where d.dates = (select MAX(dates) from datas_2_table) order by CONVERT(c.`names` USING gbk) 
2018-01-30 09:09:25.551 DEBUG 3360 --- [http-nio-9004-exec-8] o.account.com.mapper.ObjMapper.findAll   : ==> Parameters: 
2018-01-30 09:09:26.277 DEBUG 3360 --- [http-nio-9004-exec-8] o.account.com.mapper.ObjMapper.findAll   : <==      Total: 115
2018-01-30 09:09:26.921 DEBUG 3360 --- [http-nio-9004-exec-6] o.account.com.mapper.ObjMapper.findAll   : ==>  Preparing: select c.`names` jzmc,d.P11 ywgy,d.P12 ywhy,d.P21 ewgy,d.P22 ewhy,d.T11 ywgw,d.T12 ywhw,d.T21 ewgw,d.T22 ewhw from datas_2_table d left join crew_table c on c.uuid = d.jzid where d.dates = (select MAX(dates) from datas_2_table) order by CONVERT(c.`names` USING gbk) 
2018-01-30 09:09:26.923 DEBUG 3360 --- [http-nio-9004-exec-6] o.account.com.mapper.ObjMapper.findAll   : ==> Parameters: 
2018-01-30 09:09:27.554 DEBUG 3360 --- [http-nio-9004-exec-6] o.account.com.mapper.ObjMapper.findAll   : <==      Total: 115
2018-01-30 09:09:28.216 DEBUG 3360 --- [http-nio-9004-exec-4] o.account.com.mapper.ObjMapper.findAll   : ==>  Preparing: select c.`names` jzmc,d.P11 ywgy,d.P12 ywhy,d.P21 ewgy,d.P22 ewhy,d.T11 ywgw,d.T12 ywhw,d.T21 ewgw,d.T22 ewhw from datas_2_table d left join crew_table c on c.uuid = d.jzid where d.dates = (select MAX(dates) from datas_2_table) order by CONVERT(c.`names` USING gbk) 
2018-01-30 09:09:28.217 DEBUG 3360 --- [http-nio-9004-exec-4] o.account.com.mapper.ObjMapper.findAll   : ==> Parameters: 
2018-01-30 09:09:28.878 DEBUG 3360 --- [http-nio-9004-exec-4] o.account.com.mapper.ObjMapper.findAll   : <==      Total: 115
2018-01-30 09:09:29.465 DEBUG 3360 --- [http-nio-9004-exec-2] o.account.com.mapper.ObjMapper.findAll   : ==>  Preparing: select c.`names` jzmc,d.P11 ywgy,d.P12 ywhy,d.P21 ewgy,d.P22 ewhy,d.T11 ywgw,d.T12 ywhw,d.T21 ewgw,d.T22 ewhw from datas_2_table d left join crew_table c on c.uuid = d.jzid where d.dates = (select MAX(dates) from datas_2_table) order by CONVERT(c.`names` USING gbk) 
2018-01-30 09:09:29.467 DEBUG 3360 --- [http-nio-9004-exec-2] o.account.com.mapper.ObjMapper.findAll   : ==> Parameters: 
2018-01-30 09:09:30.180 DEBUG 3360 --- [http-nio-9004-exec-2] o.account.com.mapper.ObjMapper.findAll   : <==      Total: 115
2018-01-30 09:15:28.866  INFO 5036 --- [main] org.account.com.App                      : Starting App on 110-PC with PID 5036 (D:\work\spaces\nhxtWebService3.1\target\classes started by 222 in D:\work\spaces\nhxtWebService3.1)
2018-01-30 09:15:28.882 DEBUG 5036 --- [main] org.account.com.App                      : Running with Spring Boot v1.5.9.RELEASE, Spring v4.3.11.RELEASE
2018-01-30 09:15:28.883  INFO 5036 --- [main] org.account.com.App                      : No active profile set, falling back to default profiles: default
2018-01-30 09:15:28.993  INFO 5036 --- [main] ationConfigEmbeddedWebApplicationContext : Refreshing org.springframework.boot.context.embedded.AnnotationConfigEmbeddedWebApplicationContext@205d38da: startup date [Tue Jan 30 09:15:28 CST 2018]; root of context hierarchy
2018-01-30 09:15:33.416  INFO 5036 --- [main] s.b.c.e.t.TomcatEmbeddedServletContainer : Tomcat initialized with port(s): 9004 (http)
2018-01-30 09:15:33.443  INFO 5036 --- [main] o.apache.catalina.core.StandardService   : Starting service [Tomcat]
2018-01-30 09:15:33.455  INFO 5036 --- [main] org.apache.catalina.core.StandardEngine  : Starting Servlet Engine: Apache Tomcat/8.5.23
2018-01-30 09:15:33.817  INFO 5036 --- [localhost-startStop-1] o.a.c.c.C.[Tomcat].[localhost].[/]       : Initializing Spring embedded WebApplicationContext
2018-01-30 09:15:33.818  INFO 5036 --- [localhost-startStop-1] o.s.web.context.ContextLoader            : Root WebApplicationContext: initialization completed in 4853 ms
2018-01-30 09:15:34.191  INFO 5036 --- [localhost-startStop-1] o.s.b.w.servlet.ServletRegistrationBean  : Mapping servlet: 'dispatcherServlet' to [/]
2018-01-30 09:15:34.203  INFO 5036 --- [localhost-startStop-1] o.s.b.w.servlet.FilterRegistrationBean   : Mapping filter: 'characterEncodingFilter' to: [/*]
2018-01-30 09:15:34.208  INFO 5036 --- [localhost-startStop-1] o.s.b.w.servlet.FilterRegistrationBean   : Mapping filter: 'hiddenHttpMethodFilter' to: [/*]
2018-01-30 09:15:34.209  INFO 5036 --- [localhost-startStop-1] o.s.b.w.servlet.FilterRegistrationBean   : Mapping filter: 'httpPutFormContentFilter' to: [/*]
2018-01-30 09:15:34.212  INFO 5036 --- [localhost-startStop-1] o.s.b.w.servlet.FilterRegistrationBean   : Mapping filter: 'requestContextFilter' to: [/*]
2018-01-30 09:15:35.780  INFO 5036 --- [main] s.w.s.m.m.a.RequestMappingHandlerAdapter : Looking for @ControllerAdvice: org.springframework.boot.context.embedded.AnnotationConfigEmbeddedWebApplicationContext@205d38da: startup date [Tue Jan 30 09:15:28 CST 2018]; root of context hierarchy
2018-01-30 09:15:35.888  INFO 5036 --- [main] s.w.s.m.m.a.RequestMappingHandlerMapping : Mapped "{[/v1/getDatas],methods=[GET]}" onto public org.account.com.util.resultJson.ResponseResult<java.util.List<org.account.com.model.ObjectModel>> org.account.com.controller.ObjectController.getDatas()
2018-01-30 09:15:35.894  INFO 5036 --- [main] s.w.s.m.m.a.RequestMappingHandlerMapping : Mapped "{[/error]}" onto public org.springframework.http.ResponseEntity<java.util.Map<java.lang.String, java.lang.Object>> org.springframework.boot.autoconfigure.web.BasicErrorController.error(javax.servlet.http.HttpServletRequest)
2018-01-30 09:15:35.894  INFO 5036 --- [main] s.w.s.m.m.a.RequestMappingHandlerMapping : Mapped "{[/error],produces=[text/html]}" onto public org.springframework.web.servlet.ModelAndView org.springframework.boot.autoconfigure.web.BasicErrorController.errorHtml(javax.servlet.http.HttpServletRequest,javax.servlet.http.HttpServletResponse)
2018-01-30 09:15:35.929  INFO 5036 --- [main] o.s.w.s.handler.SimpleUrlHandlerMapping  : Mapped URL path [/webjars/**] onto handler of type [class org.springframework.web.servlet.resource.ResourceHttpRequestHandler]
2018-01-30 09:15:35.929  INFO 5036 --- [main] o.s.w.s.handler.SimpleUrlHandlerMapping  : Mapped URL path [/**] onto handler of type [class org.springframework.web.servlet.resource.ResourceHttpRequestHandler]
2018-01-30 09:15:35.980  INFO 5036 --- [main] o.s.w.s.handler.SimpleUrlHandlerMapping  : Mapped URL path [/**/favicon.ico] onto handler of type [class org.springframework.web.servlet.resource.ResourceHttpRequestHandler]
2018-01-30 09:15:36.445  INFO 5036 --- [main] o.s.j.e.a.AnnotationMBeanExporter        : Registering beans for JMX exposure on startup
2018-01-30 09:15:36.551  INFO 5036 --- [main] s.b.c.e.t.TomcatEmbeddedServletContainer : Tomcat started on port(s): 9004 (http)
2018-01-30 09:15:36.559  INFO 5036 --- [main] org.account.com.App                      : Started App in 8.39 seconds (JVM running for 10.235)
